Using pre-set license
Built from '2020.3/staging' branch; Version is '2020.3.25f1 (9b9180224418) revision 10195328'; Using compiler version '192528614'; Build Type 'Release'
OS: 'Windows 10  (10.0.19045) 64bit Core' Language: 'en' Physical Memory: 15731 MB
BatchMode: 1, IsHumanControllingUs: 0, StartBugReporterOnCrash: 0, Is64bit: 1, IsPro: 0

COMMAND LINE ARGUMENTS:
C:\Program Files\Unity\Hub\Editor\2020.3.25f1\Editor\Unity.exe
-adb2
-batchMode
-noUpm
-name
AssetImportWorker0
-projectPath
C:/Users/cheun/Desktop/Goding/Checkers
-logFile
Logs/AssetImportWorker0.log
-srvPort
59222
Successfully changed project path to: C:/Users/cheun/Desktop/Goding/Checkers
C:/Users/cheun/Desktop/Goding/Checkers
Using Asset Import Pipeline V2.
Refreshing native plugins compatible for Editor in 40.19 ms, found 3 plugins.
Preloading 0 native plugins for Editor in 0.00 ms.
Initialize engine version: 2020.3.25f1 (9b9180224418)
[Subsystems] Discovering subsystems at path C:/Program Files/Unity/Hub/Editor/2020.3.25f1/Editor/Data/Resources/UnitySubsystems
[Subsystems] Discovering subsystems at path C:/Users/cheun/Desktop/Goding/Checkers/Assets
GfxDevice: creating device client; threaded=0
Direct3D:
    Version:  Direct3D 11.0 [level 11.1]
    Renderer: NVIDIA GeForce GTX 1660 Ti (ID=0x2191)
    Vendor:   
    VRAM:     5991 MB
    Driver:   30.0.15.1278
Initialize mono
Mono path[0] = 'C:/Program Files/Unity/Hub/Editor/2020.3.25f1/Editor/Data/Managed'
Mono path[1] = 'C:/Program Files/Unity/Hub/Editor/2020.3.25f1/Editor/Data/MonoBleedingEdge/lib/mono/unityjit'
Mono config path = 'C:/Program Files/Unity/Hub/Editor/2020.3.25f1/Editor/Data/MonoBleedingEdge/etc'
Using monoOptions --debugger-agent=transport=dt_socket,embedding=1,server=y,suspend=n,address=127.0.0.1:56656
Begin MonoManager ReloadAssembly
Registering precompiled unity dll's ...
Register platform support module: C:/Program Files/Unity/Hub/Editor/2020.3.25f1/Editor/Data/PlaybackEngines/WebGLSupport/UnityEditor.WebGL.Extensions.dll
Register platform support module: C:/Program Files/Unity/Hub/Editor/2020.3.25f1/Editor/Data/PlaybackEngines/WindowsStandaloneSupport/UnityEditor.WindowsStandalone.Extensions.dll
Registered in 0.002229 seconds.
Native extension for WindowsStandalone target not found
Native extension for WebGL target not found
Refreshing native plugins compatible for Editor in 40.85 ms, found 3 plugins.
Preloading 0 native plugins for Editor in 0.00 ms.
Mono: successfully reloaded assembly
- Completed reload, in  0.527 seconds
Domain Reload Profiling:
	ReloadAssembly (528ms)
		BeginReloadAssembly (48ms)
			ExecutionOrderSort (0ms)
			DisableScriptedObjects (0ms)
			BackupInstance (0ms)
			ReleaseScriptingObjects (0ms)
			CreateAndSetChildDomain (1ms)
		EndReloadAssembly (414ms)
			LoadAssemblies (46ms)
			RebuildTransferFunctionScriptingTraits (0ms)
			SetupTypeCache (134ms)
			ReleaseScriptCaches (0ms)
			RebuildScriptCaches (27ms)
			SetupLoadedEditorAssemblies (156ms)
				LogAssemblyErrors (0ms)
				InitializePlatformSupportModulesInManaged (5ms)
				SetLoadedEditorAssemblies (0ms)
				RefreshPlugins (41ms)
				BeforeProcessingInitializeOnLoad (11ms)
				ProcessInitializeOnLoadAttributes (73ms)
				ProcessInitializeOnLoadMethodAttributes (25ms)
				AfterProcessingInitializeOnLoad (0ms)
				EditorAssembliesLoaded (0ms)
			ExecutionOrderSort2 (0ms)
			AwakeInstancesAfterBackupRestoration (0ms)
Platform modules already initialized, skipping
Registering precompiled user dll's ...
Registered in 0.004396 seconds.
Begin MonoManager ReloadAssembly
Native extension for WindowsStandalone target not found
Native extension for WebGL target not found
Refreshing native plugins compatible for Editor in 38.64 ms, found 3 plugins.
Preloading 0 native plugins for Editor in 0.00 ms.
Mono: successfully reloaded assembly
- Completed reload, in  0.981 seconds
Domain Reload Profiling:
	ReloadAssembly (982ms)
		BeginReloadAssembly (126ms)
			ExecutionOrderSort (0ms)
			DisableScriptedObjects (4ms)
			BackupInstance (0ms)
			ReleaseScriptingObjects (0ms)
			CreateAndSetChildDomain (16ms)
		EndReloadAssembly (800ms)
			LoadAssemblies (78ms)
			RebuildTransferFunctionScriptingTraits (0ms)
			SetupTypeCache (266ms)
			ReleaseScriptCaches (0ms)
			RebuildScriptCaches (39ms)
			SetupLoadedEditorAssemblies (313ms)
				LogAssemblyErrors (0ms)
				InitializePlatformSupportModulesInManaged (4ms)
				SetLoadedEditorAssemblies (0ms)
				RefreshPlugins (39ms)
				BeforeProcessingInitializeOnLoad (72ms)
				ProcessInitializeOnLoadAttributes (176ms)
				ProcessInitializeOnLoadMethodAttributes (16ms)
				AfterProcessingInitializeOnLoad (6ms)
				EditorAssembliesLoaded (0ms)
			ExecutionOrderSort2 (0ms)
			AwakeInstancesAfterBackupRestoration (6ms)
Platform modules already initialized, skipping
========================================================================
Worker process is ready to serve import requests
Launched and connected shader compiler UnityShaderCompiler.exe after 0.05 seconds
Refreshing native plugins compatible for Editor in 0.48 ms, found 3 plugins.
Preloading 0 native plugins for Editor in 0.00 ms.
Unloading 2194 Unused Serialized files (Serialized files now loaded: 0)
System memory in use before: 95.8 MB.
System memory in use after: 95.9 MB.

Unloading 28 unused Assets to reduce memory usage. Loaded Objects now: 2627.
Total: 3.148000 ms (FindLiveObjects: 0.208000 ms CreateObjectMapping: 0.052400 ms MarkObjects: 2.821300 ms  DeleteObjects: 0.064800 ms)

AssetImportParameters requested are different than current active one (requested -> active):
  custom:framework-win-MediaFoundation: 216162199b28c13a410421893ffa2e32 -> 
  custom:video-decoder-ogg-theora: a1e56fd34408186e4bbccfd4996cb3dc -> 
  custom:container-muxer-webm: aa71ff27fc2769a1b78a27578f13a17b -> 
  custom:container-demuxer-webm: 4f35f7cbe854078d1ac9338744f61a02 -> 
  custom:container-demuxer-ogg: 62fdf1f143b41e24485cea50d1cbac27 -> 
  custom:video-encoder-webm-vp8: eb34c28f22e8b96e1ab97ce403110664 -> 
  custom:video-codec-MediaFoundation-h265: 746d11721c4dcdbdad8f713fa42b33f4 -> 
  custom:video-decoder-webm-vp8: 9c59270c3fd7afecdb556c50c9e8de78 -> 
  custom:audio-decoder-ogg-vorbis: bf7c407c2cedff20999df2af8eb42d56 -> 
  custom:audio-encoder-webm-vorbis: bf7c407c2cedff20999df2af8eb42d56 -> 
========================================================================
Received Import Request.
  path: Packages/com.unity.2d.spriteshape/Editor/ObjectMenuCreation/DefaultAssets/Sprite Shapes/Open Sprite Shape.prefab
  artifactKey: Guid(86ae7de409eb54f619fb1328e4d42480) Importer(815301076,1909f56bfc062723c751e8b465ee728b)
Start importing Packages/com.unity.2d.spriteshape/Editor/ObjectMenuCreation/DefaultAssets/Sprite Shapes/Open Sprite Shape.prefab using Guid(86ae7de409eb54f619fb1328e4d42480) Importer(815301076,1909f56bfc062723c751e8b465ee728b)  -> (artifact id: 'c78a7b90d603d0a33c7b4e3280488626') in 0.147556 seconds 
  Import took 0.151090 seconds .

========================================================================
Received Import Request.
  Time since last request: 0.000243 seconds.
  path: Packages/com.unity.2d.spriteshape/Editor/ObjectMenuCreation/DefaultAssets/Sprite Shapes/Closed Sprite Shape.prefab
  artifactKey: Guid(c0583b4e855c74b8c82e7b9b5efb5ce9) Importer(815301076,1909f56bfc062723c751e8b465ee728b)
Start importing Packages/com.unity.2d.spriteshape/Editor/ObjectMenuCreation/DefaultAssets/Sprite Shapes/Closed Sprite Shape.prefab using Guid(c0583b4e855c74b8c82e7b9b5efb5ce9) Importer(815301076,1909f56bfc062723c751e8b465ee728b)  -> (artifact id: '2d633a999cd0db5a929fdc6b8a7f437c') in 0.019874 seconds 
  Import took 0.024013 seconds .

========================================================================
Received Import Request.
  Time since last request: 5.639480 seconds.
  path: Assets/Scenes
  artifactKey: Guid(55aa58c217725e64e9d883f57f48d805) Importer(815301076,1909f56bfc062723c751e8b465ee728b)
Start importing Assets/Scenes using Guid(55aa58c217725e64e9d883f57f48d805) Importer(815301076,1909f56bfc062723c751e8b465ee728b)  -> (artifact id: '0251172a165ccb291a660772b712a714') in 0.012002 seconds 
  Import took 0.015378 seconds .

========================================================================
Received Import Request.
  Time since last request: 6.476104 seconds.
  path: Assets
  artifactKey: Guid(00000000000000001000000000000000) Importer(815301076,1909f56bfc062723c751e8b465ee728b)
Start importing Assets using Guid(00000000000000001000000000000000) Importer(815301076,1909f56bfc062723c751e8b465ee728b)  -> (artifact id: '42d402b061de3733987d63b9cc3b64de') in 0.012002 seconds 
  Import took 0.017723 seconds .

========================================================================
Received Import Request.
  Time since last request: 7.642327 seconds.
  path: Assets/Sprites
  artifactKey: Guid(57bf3bfce2dfe1946b50403324eedca8) Importer(815301076,1909f56bfc062723c751e8b465ee728b)
Start importing Assets/Sprites using Guid(57bf3bfce2dfe1946b50403324eedca8) Importer(815301076,1909f56bfc062723c751e8b465ee728b)  -> (artifact id: 'c8836545c3426bdbb5b70804019711c6') in 0.010489 seconds 
  Import took 0.014336 seconds .

========================================================================
Received Import Request.
  Time since last request: 26.937509 seconds.
  path: Assets/Sprites/Square.png
  artifactKey: Guid(8cba7430ea9765d43a65c8edc350fe2a) Importer(815301076,1909f56bfc062723c751e8b465ee728b)
Start importing Assets/Sprites/Square.png using Guid(8cba7430ea9765d43a65c8edc350fe2a) Importer(815301076,1909f56bfc062723c751e8b465ee728b)  -> (artifact id: '22f09bb2a1b6c0f670e761cca3e8fb15') in 0.047146 seconds 
  Import took 0.051172 seconds .

========================================================================
Received Prepare
Registering precompiled user dll's ...
Registered in 0.004056 seconds.
Begin MonoManager ReloadAssembly
Native extension for WindowsStandalone target not found
Native extension for WebGL target not found
Refreshing native plugins compatible for Editor in 0.75 ms, found 3 plugins.
Preloading 0 native plugins for Editor in 0.00 ms.
Mono: successfully reloaded assembly
- Completed reload, in  0.941 seconds
Domain Reload Profiling:
	ReloadAssembly (941ms)
		BeginReloadAssembly (105ms)
			ExecutionOrderSort (0ms)
			DisableScriptedObjects (6ms)
			BackupInstance (0ms)
			ReleaseScriptingObjects (0ms)
			CreateAndSetChildDomain (35ms)
		EndReloadAssembly (780ms)
			LoadAssemblies (79ms)
			RebuildTransferFunctionScriptingTraits (0ms)
			SetupTypeCache (255ms)
			ReleaseScriptCaches (1ms)
			RebuildScriptCaches (38ms)
			SetupLoadedEditorAssemblies (300ms)
				LogAssemblyErrors (0ms)
				InitializePlatformSupportModulesInManaged (7ms)
				SetLoadedEditorAssemblies (1ms)
				RefreshPlugins (1ms)
				BeforeProcessingInitializeOnLoad (98ms)
				ProcessInitializeOnLoadAttributes (177ms)
				ProcessInitializeOnLoadMethodAttributes (9ms)
				AfterProcessingInitializeOnLoad (6ms)
				EditorAssembliesLoaded (0ms)
			ExecutionOrderSort2 (0ms)
			AwakeInstancesAfterBackupRestoration (8ms)
Platform modules already initialized, skipping
Refreshing native plugins compatible for Editor in 0.49 ms, found 3 plugins.
Preloading 0 native plugins for Editor in 0.00 ms.
Unloading 2183 Unused Serialized files (Serialized files now loaded: 0)
System memory in use before: 98.1 MB.
System memory in use after: 98.3 MB.

Unloading 17 unused Assets to reduce memory usage. Loaded Objects now: 2638.
Total: 3.015900 ms (FindLiveObjects: 0.181600 ms CreateObjectMapping: 0.051700 ms MarkObjects: 2.762900 ms  DeleteObjects: 0.018300 ms)

AssetImportParameters requested are different than current active one (requested -> active):
  custom:framework-win-MediaFoundation: 216162199b28c13a410421893ffa2e32 -> 
  custom:video-decoder-ogg-theora: a1e56fd34408186e4bbccfd4996cb3dc -> 
  custom:container-muxer-webm: aa71ff27fc2769a1b78a27578f13a17b -> 
  custom:container-demuxer-webm: 4f35f7cbe854078d1ac9338744f61a02 -> 
  custom:container-demuxer-ogg: 62fdf1f143b41e24485cea50d1cbac27 -> 
  custom:video-encoder-webm-vp8: eb34c28f22e8b96e1ab97ce403110664 -> 
  custom:video-codec-MediaFoundation-h265: 746d11721c4dcdbdad8f713fa42b33f4 -> 
  custom:video-decoder-webm-vp8: 9c59270c3fd7afecdb556c50c9e8de78 -> 
  custom:audio-decoder-ogg-vorbis: bf7c407c2cedff20999df2af8eb42d56 -> 
  custom:audio-encoder-webm-vorbis: bf7c407c2cedff20999df2af8eb42d56 -> 
========================================================================
Received Import Request.
  Time since last request: 1008.816058 seconds.
  path: Assets/Sprites/CheckersPalette.prefab
  artifactKey: Guid(ea237ea69ef5b274984528591502c44e) Importer(815301076,1909f56bfc062723c751e8b465ee728b)
Start importing Assets/Sprites/CheckersPalette.prefab using Guid(ea237ea69ef5b274984528591502c44e) Importer(815301076,1909f56bfc062723c751e8b465ee728b)  -> (artifact id: '7cb508a414054ab07cbb2d0a12d3faa8') in 0.068224 seconds 
  Import took 0.072076 seconds .

========================================================================
Received Import Request.
  Time since last request: 277.523450 seconds.
  path: Assets/Palettes/CheckersPalette.prefab
  artifactKey: Guid(11594b0b3043a9746a474c34659b2eef) Importer(815301076,1909f56bfc062723c751e8b465ee728b)
Start importing Assets/Palettes/CheckersPalette.prefab using Guid(11594b0b3043a9746a474c34659b2eef) Importer(815301076,1909f56bfc062723c751e8b465ee728b)  -> (artifact id: '95f4d1dae5ae076c00c5f29f6067fb00') in 0.018088 seconds 
  Import took 0.021871 seconds .

========================================================================
Received Import Request.
  Time since last request: 45.081508 seconds.
  path: Assets/Sprites/Square.png
  artifactKey: Guid(4944868ca839b704eb9f4e0a039f4cf7) Importer(815301076,1909f56bfc062723c751e8b465ee728b)
Start importing Assets/Sprites/Square.png using Guid(4944868ca839b704eb9f4e0a039f4cf7) Importer(815301076,1909f56bfc062723c751e8b465ee728b)  -> (artifact id: 'f5a6be29cf57e1482e54cacf96ad2a6a') in 0.031758 seconds 
  Import took 0.036074 seconds .

========================================================================
Received Import Request.
  Time since last request: 61.807771 seconds.
  path: Assets/Sprites/Square.asset
  artifactKey: Guid(e4b93306ee1ae7543834f321a5dc4291) Importer(815301076,1909f56bfc062723c751e8b465ee728b)
Start importing Assets/Sprites/Square.asset using Guid(e4b93306ee1ae7543834f321a5dc4291) Importer(815301076,1909f56bfc062723c751e8b465ee728b)  -> (artifact id: '9eb715625f36251e707bce81ac1b6a92') in 0.024531 seconds 
  Import took 0.028214 seconds .

========================================================================
Received Prepare
Registering precompiled user dll's ...
Registered in 0.004345 seconds.
Begin MonoManager ReloadAssembly
Native extension for WindowsStandalone target not found
Native extension for WebGL target not found
Refreshing native plugins compatible for Editor in 0.64 ms, found 3 plugins.
Preloading 0 native plugins for Editor in 0.00 ms.
Mono: successfully reloaded assembly
- Completed reload, in  0.974 seconds
Domain Reload Profiling:
	ReloadAssembly (975ms)
		BeginReloadAssembly (99ms)
			ExecutionOrderSort (0ms)
			DisableScriptedObjects (5ms)
			BackupInstance (0ms)
			ReleaseScriptingObjects (0ms)
			CreateAndSetChildDomain (32ms)
		EndReloadAssembly (818ms)
			LoadAssemblies (76ms)
			RebuildTransferFunctionScriptingTraits (0ms)
			SetupTypeCache (252ms)
			ReleaseScriptCaches (1ms)
			RebuildScriptCaches (37ms)
			SetupLoadedEditorAssemblies (359ms)
				LogAssemblyErrors (0ms)
				InitializePlatformSupportModulesInManaged (7ms)
				SetLoadedEditorAssemblies (1ms)
				RefreshPlugins (1ms)
				BeforeProcessingInitializeOnLoad (141ms)
				ProcessInitializeOnLoadAttributes (195ms)
				ProcessInitializeOnLoadMethodAttributes (9ms)
				AfterProcessingInitializeOnLoad (6ms)
				EditorAssembliesLoaded (0ms)
			ExecutionOrderSort2 (0ms)
			AwakeInstancesAfterBackupRestoration (8ms)
Platform modules already initialized, skipping
Refreshing native plugins compatible for Editor in 0.49 ms, found 3 plugins.
Preloading 0 native plugins for Editor in 0.00 ms.
Unloading 2183 Unused Serialized files (Serialized files now loaded: 0)
System memory in use before: 98.2 MB.
System memory in use after: 98.3 MB.

Unloading 17 unused Assets to reduce memory usage. Loaded Objects now: 2643.
Total: 2.925700 ms (FindLiveObjects: 0.181200 ms CreateObjectMapping: 0.049600 ms MarkObjects: 2.672300 ms  DeleteObjects: 0.020900 ms)

AssetImportParameters requested are different than current active one (requested -> active):
  custom:framework-win-MediaFoundation: 216162199b28c13a410421893ffa2e32 -> 
  custom:video-decoder-ogg-theora: a1e56fd34408186e4bbccfd4996cb3dc -> 
  custom:container-muxer-webm: aa71ff27fc2769a1b78a27578f13a17b -> 
  custom:container-demuxer-webm: 4f35f7cbe854078d1ac9338744f61a02 -> 
  custom:container-demuxer-ogg: 62fdf1f143b41e24485cea50d1cbac27 -> 
  custom:video-encoder-webm-vp8: eb34c28f22e8b96e1ab97ce403110664 -> 
  custom:video-codec-MediaFoundation-h265: 746d11721c4dcdbdad8f713fa42b33f4 -> 
  custom:video-decoder-webm-vp8: 9c59270c3fd7afecdb556c50c9e8de78 -> 
  custom:audio-decoder-ogg-vorbis: bf7c407c2cedff20999df2af8eb42d56 -> 
  custom:audio-encoder-webm-vorbis: bf7c407c2cedff20999df2af8eb42d56 -> 
========================================================================
Received Import Request.
  Time since last request: 150.354331 seconds.
  path: Assets/Palettes/CheckersPalette.prefab
  artifactKey: Guid(11594b0b3043a9746a474c34659b2eef) Importer(815301076,1909f56bfc062723c751e8b465ee728b)
Start importing Assets/Palettes/CheckersPalette.prefab using Guid(11594b0b3043a9746a474c34659b2eef) Importer(815301076,1909f56bfc062723c751e8b465ee728b)  -> (artifact id: 'd660377ecc4428855d6eb10dee80ba67') in 0.058959 seconds 
  Import took 0.062468 seconds .

========================================================================
Received Import Request.
  Time since last request: 154.238332 seconds.
  path: Assets/Tiles/Colored_Tiles/Square.asset
  artifactKey: Guid(98c45d7ce75bbf8468e0fe1610660313) Importer(815301076,1909f56bfc062723c751e8b465ee728b)
Start importing Assets/Tiles/Colored_Tiles/Square.asset using Guid(98c45d7ce75bbf8468e0fe1610660313) Importer(815301076,1909f56bfc062723c751e8b465ee728b)  -> (artifact id: 'c8d6038fffe390469dbc9b435ace0165') in 0.017393 seconds 
  Import took 0.020708 seconds .

========================================================================
Received Import Request.
  Time since last request: 14.543885 seconds.
  path: Assets/Tiles/Colored_Tiles/tile1.asset
  artifactKey: Guid(98c45d7ce75bbf8468e0fe1610660313) Importer(815301076,1909f56bfc062723c751e8b465ee728b)
Start importing Assets/Tiles/Colored_Tiles/tile1.asset using Guid(98c45d7ce75bbf8468e0fe1610660313) Importer(815301076,1909f56bfc062723c751e8b465ee728b)  -> (artifact id: '761372ad40cde63f3f535984c7e9ba96') in 0.017603 seconds 
  Import took 0.020794 seconds .

========================================================================
Received Import Request.
  Time since last request: 68.805305 seconds.
  path: Assets/Sprites/tile2.asset
  artifactKey: Guid(91ed18b98ef980840b9494d2973f3ce2) Importer(815301076,1909f56bfc062723c751e8b465ee728b)
Start importing Assets/Sprites/tile2.asset using Guid(91ed18b98ef980840b9494d2973f3ce2) Importer(815301076,1909f56bfc062723c751e8b465ee728b)  -> (artifact id: 'bfbdc2f502777dab13c1e911dbe1f32c') in 0.017923 seconds 
  Import took 0.021457 seconds .

========================================================================
Received Import Request.
  Time since last request: 200.284414 seconds.
  path: Assets/Tiles/Colored_Tiles/tile2.asset
  artifactKey: Guid(366e60c0eb5f24b408ff5250f48fa2fb) Importer(815301076,1909f56bfc062723c751e8b465ee728b)
Start importing Assets/Tiles/Colored_Tiles/tile2.asset using Guid(366e60c0eb5f24b408ff5250f48fa2fb) Importer(815301076,1909f56bfc062723c751e8b465ee728b)  -> (artifact id: '15cc473e671480ae54e8db82f880d59a') in 0.009097 seconds 
  Import took 0.012385 seconds .

========================================================================
Received Import Request.
  Time since last request: 54.193915 seconds.
  path: Assets/Sprites/Square.png
  artifactKey: Guid(4944868ca839b704eb9f4e0a039f4cf7) Importer(815301076,1909f56bfc062723c751e8b465ee728b)
Start importing Assets/Sprites/Square.png using Guid(4944868ca839b704eb9f4e0a039f4cf7) Importer(815301076,1909f56bfc062723c751e8b465ee728b)  -> (artifact id: 'c863801c3fb2ce456023a11315324a37') in 0.034312 seconds 
  Import took 0.037442 seconds .

========================================================================
Received Import Request.
  Time since last request: 2.789172 seconds.
  path: Assets/Palettes/CheckersPalette.prefab
  artifactKey: Guid(11594b0b3043a9746a474c34659b2eef) Importer(815301076,1909f56bfc062723c751e8b465ee728b)
Start importing Assets/Palettes/CheckersPalette.prefab using Guid(11594b0b3043a9746a474c34659b2eef) Importer(815301076,1909f56bfc062723c751e8b465ee728b)  -> (artifact id: 'd2b7e940c60fd122c3bc07aa969f1352') in 0.009813 seconds 
  Import took 0.013239 seconds .

========================================================================
Received Import Request.
  Time since last request: 3.761571 seconds.
  path: Assets/Tiles/Colored_Tiles
  artifactKey: Guid(51b70419068f2a54caccfa910ff483c9) Importer(815301076,1909f56bfc062723c751e8b465ee728b)
Start importing Assets/Tiles/Colored_Tiles using Guid(51b70419068f2a54caccfa910ff483c9) Importer(815301076,1909f56bfc062723c751e8b465ee728b)  -> (artifact id: '15c11f46653be5dbb6d903b969e8d15a') in 0.011652 seconds 
  Import took 0.014805 seconds .

========================================================================
Received Import Request.
  Time since last request: 66.125923 seconds.
  path: Assets/Tiles/CheckersTile.asset
  artifactKey: Guid(98d9eaf4f72f55246b458a035f4ec605) Importer(815301076,1909f56bfc062723c751e8b465ee728b)
Start importing Assets/Tiles/CheckersTile.asset using Guid(98d9eaf4f72f55246b458a035f4ec605) Importer(815301076,1909f56bfc062723c751e8b465ee728b)  -> (artifact id: '5479999165e0f742ac06967346dddc98') in 0.016997 seconds 
  Import took 0.020479 seconds .

========================================================================
Received Import Request.
  Time since last request: 429.392205 seconds.
  path: Packages/com.unity.2d.tilemap/Editor/Unity.2D.Tilemap.Editor.asmdef
  artifactKey: Guid(3a9781db4804a9945b9883f3a7c46d45) Importer(815301076,1909f56bfc062723c751e8b465ee728b)
Start importing Packages/com.unity.2d.tilemap/Editor/Unity.2D.Tilemap.Editor.asmdef using Guid(3a9781db4804a9945b9883f3a7c46d45) Importer(815301076,1909f56bfc062723c751e8b465ee728b)  -> (artifact id: '86df9f85098986b5c3bc9f164a1f4748') in 0.015000 seconds 
  Import took 0.018959 seconds .

========================================================================
Received Import Request.
  Time since last request: 78.386810 seconds.
  path: Assets/Palettes/CheckersPalette.prefab
  artifactKey: Guid(11594b0b3043a9746a474c34659b2eef) Importer(815301076,1909f56bfc062723c751e8b465ee728b)
Start importing Assets/Palettes/CheckersPalette.prefab using Guid(11594b0b3043a9746a474c34659b2eef) Importer(815301076,1909f56bfc062723c751e8b465ee728b)  -> (artifact id: '65575f39ec3b2258d0b4f4c5355ecbc0') in 0.012411 seconds 
  Import took 0.015940 seconds .

========================================================================
Received Prepare
Registering precompiled user dll's ...
Registered in 0.004156 seconds.
Begin MonoManager ReloadAssembly
Native extension for WindowsStandalone target not found
Native extension for WebGL target not found
Refreshing native plugins compatible for Editor in 0.58 ms, found 3 plugins.
Preloading 0 native plugins for Editor in 0.00 ms.
Mono: successfully reloaded assembly
- Completed reload, in  0.921 seconds
Domain Reload Profiling:
	ReloadAssembly (921ms)
		BeginReloadAssembly (100ms)
			ExecutionOrderSort (0ms)
			DisableScriptedObjects (5ms)
			BackupInstance (0ms)
			ReleaseScriptingObjects (0ms)
			CreateAndSetChildDomain (32ms)
		EndReloadAssembly (766ms)
			LoadAssemblies (77ms)
			RebuildTransferFunctionScriptingTraits (0ms)
			SetupTypeCache (249ms)
			ReleaseScriptCaches (1ms)
			RebuildScriptCaches (40ms)
			SetupLoadedEditorAssemblies (290ms)
				LogAssemblyErrors (0ms)
				InitializePlatformSupportModulesInManaged (6ms)
				SetLoadedEditorAssemblies (1ms)
				RefreshPlugins (1ms)
				BeforeProcessingInitializeOnLoad (92ms)
				ProcessInitializeOnLoadAttributes (172ms)
				ProcessInitializeOnLoadMethodAttributes (11ms)
				AfterProcessingInitializeOnLoad (7ms)
				EditorAssembliesLoaded (0ms)
			ExecutionOrderSort2 (0ms)
			AwakeInstancesAfterBackupRestoration (8ms)
Platform modules already initialized, skipping
Refreshing native plugins compatible for Editor in 0.49 ms, found 3 plugins.
Preloading 0 native plugins for Editor in 0.00 ms.
Unloading 2183 Unused Serialized files (Serialized files now loaded: 0)
System memory in use before: 98.2 MB.
System memory in use after: 98.4 MB.

Unloading 17 unused Assets to reduce memory usage. Loaded Objects now: 2647.
Total: 3.045300 ms (FindLiveObjects: 0.182300 ms CreateObjectMapping: 0.047800 ms MarkObjects: 2.789100 ms  DeleteObjects: 0.024700 ms)

AssetImportParameters requested are different than current active one (requested -> active):
  custom:framework-win-MediaFoundation: 216162199b28c13a410421893ffa2e32 -> 
  custom:video-decoder-ogg-theora: a1e56fd34408186e4bbccfd4996cb3dc -> 
  custom:container-muxer-webm: aa71ff27fc2769a1b78a27578f13a17b -> 
  custom:container-demuxer-webm: 4f35f7cbe854078d1ac9338744f61a02 -> 
  custom:container-demuxer-ogg: 62fdf1f143b41e24485cea50d1cbac27 -> 
  custom:video-encoder-webm-vp8: eb34c28f22e8b96e1ab97ce403110664 -> 
  custom:video-codec-MediaFoundation-h265: 746d11721c4dcdbdad8f713fa42b33f4 -> 
  custom:video-decoder-webm-vp8: 9c59270c3fd7afecdb556c50c9e8de78 -> 
  custom:audio-decoder-ogg-vorbis: bf7c407c2cedff20999df2af8eb42d56 -> 
  custom:audio-encoder-webm-vorbis: bf7c407c2cedff20999df2af8eb42d56 -> 
========================================================================
Received Import Request.
  Time since last request: 70.572170 seconds.
  path: Assets/Sprites/Square 1.png
  artifactKey: Guid(f7a5fe1ddcc714647b8793f34ed27f7f) Importer(815301076,1909f56bfc062723c751e8b465ee728b)
Start importing Assets/Sprites/Square 1.png using Guid(f7a5fe1ddcc714647b8793f34ed27f7f) Importer(815301076,1909f56bfc062723c751e8b465ee728b)  -> (artifact id: 'c8ea7fb682d621eee33c4f3a1e600ff3') in 0.053346 seconds 
  Import took 0.056872 seconds .

========================================================================
Received Import Request.
  Time since last request: 132.319374 seconds.
  path: Assets/Sprites/Square.prefab
  artifactKey: Guid(839bb99c6ba49304f9f1a7a349ce72e3) Importer(815301076,1909f56bfc062723c751e8b465ee728b)
Start importing Assets/Sprites/Square.prefab using Guid(839bb99c6ba49304f9f1a7a349ce72e3) Importer(815301076,1909f56bfc062723c751e8b465ee728b)  -> (artifact id: '5f04c4cc1a1ff289f4bb4ceff0b9e244') in 0.035506 seconds 
  Import took 0.039030 seconds .

========================================================================
Received Prepare
Registering precompiled user dll's ...
Registered in 0.004311 seconds.
Begin MonoManager ReloadAssembly
Native extension for WindowsStandalone target not found
Native extension for WebGL target not found
Refreshing native plugins compatible for Editor in 0.57 ms, found 3 plugins.
Preloading 0 native plugins for Editor in 0.00 ms.
Mono: successfully reloaded assembly
- Completed reload, in  0.903 seconds
Domain Reload Profiling:
	ReloadAssembly (903ms)
		BeginReloadAssembly (93ms)
			ExecutionOrderSort (0ms)
			DisableScriptedObjects (5ms)
			BackupInstance (0ms)
			ReleaseScriptingObjects (0ms)
			CreateAndSetChildDomain (31ms)
		EndReloadAssembly (754ms)
			LoadAssemblies (77ms)
			RebuildTransferFunctionScriptingTraits (0ms)
			SetupTypeCache (259ms)
			ReleaseScriptCaches (1ms)
			RebuildScriptCaches (41ms)
			SetupLoadedEditorAssemblies (270ms)
				LogAssemblyErrors (0ms)
				InitializePlatformSupportModulesInManaged (5ms)
				SetLoadedEditorAssemblies (1ms)
				RefreshPlugins (1ms)
				BeforeProcessingInitializeOnLoad (90ms)
				ProcessInitializeOnLoadAttributes (158ms)
				ProcessInitializeOnLoadMethodAttributes (10ms)
				AfterProcessingInitializeOnLoad (6ms)
				EditorAssembliesLoaded (0ms)
			ExecutionOrderSort2 (0ms)
			AwakeInstancesAfterBackupRestoration (7ms)
Platform modules already initialized, skipping
Refreshing native plugins compatible for Editor in 0.47 ms, found 3 plugins.
Preloading 0 native plugins for Editor in 0.00 ms.
Unloading 2183 Unused Serialized files (Serialized files now loaded: 0)
System memory in use before: 98.3 MB.
System memory in use after: 98.4 MB.

Unloading 17 unused Assets to reduce memory usage. Loaded Objects now: 2650.
Total: 3.654900 ms (FindLiveObjects: 0.253900 ms CreateObjectMapping: 0.110600 ms MarkObjects: 3.269900 ms  DeleteObjects: 0.018800 ms)

AssetImportParameters requested are different than current active one (requested -> active):
  custom:framework-win-MediaFoundation: 216162199b28c13a410421893ffa2e32 -> 
  custom:video-decoder-ogg-theora: a1e56fd34408186e4bbccfd4996cb3dc -> 
  custom:container-muxer-webm: aa71ff27fc2769a1b78a27578f13a17b -> 
  custom:container-demuxer-webm: 4f35f7cbe854078d1ac9338744f61a02 -> 
  custom:container-demuxer-ogg: 62fdf1f143b41e24485cea50d1cbac27 -> 
  custom:video-encoder-webm-vp8: eb34c28f22e8b96e1ab97ce403110664 -> 
  custom:video-codec-MediaFoundation-h265: 746d11721c4dcdbdad8f713fa42b33f4 -> 
  custom:video-decoder-webm-vp8: 9c59270c3fd7afecdb556c50c9e8de78 -> 
  custom:audio-decoder-ogg-vorbis: bf7c407c2cedff20999df2af8eb42d56 -> 
  custom:audio-encoder-webm-vorbis: bf7c407c2cedff20999df2af8eb42d56 -> 
========================================================================
Received Import Request.
  Time since last request: 572.163664 seconds.
  path: Assets/Palettes/test.prefab
  artifactKey: Guid(bbb7036f2e8e96e4ea07faf210c32cec) Importer(815301076,1909f56bfc062723c751e8b465ee728b)
Start importing Assets/Palettes/test.prefab using Guid(bbb7036f2e8e96e4ea07faf210c32cec) Importer(815301076,1909f56bfc062723c751e8b465ee728b)  -> (artifact id: 'eea1c199e3a93c96cb6506b456d0344b') in 0.060368 seconds 
  Import took 0.063977 seconds .

========================================================================
Received Import Request.
  Time since last request: 131.741488 seconds.
  path: Assets/Sprites/FillerTile.asset
  artifactKey: Guid(aab412d88a223d147812b912f3539497) Importer(815301076,1909f56bfc062723c751e8b465ee728b)
Start importing Assets/Sprites/FillerTile.asset using Guid(aab412d88a223d147812b912f3539497) Importer(815301076,1909f56bfc062723c751e8b465ee728b)  -> (artifact id: '37a44fed07d12a2a515028e413ef1c65') in 0.026120 seconds 
  Import took 0.029697 seconds .

========================================================================
Received Import Request.
  Time since last request: 40.610260 seconds.
  path: Assets/Sprites/2-24642_imagenes-random-png-cosas-random-png-transparent-png.png
  artifactKey: Guid(0fb961d0f574d6a4d97384b914eb49dd) Importer(815301076,1909f56bfc062723c751e8b465ee728b)
Start importing Assets/Sprites/2-24642_imagenes-random-png-cosas-random-png-transparent-png.png using Guid(0fb961d0f574d6a4d97384b914eb49dd) Importer(815301076,1909f56bfc062723c751e8b465ee728b)  -> (artifact id: '1a0c528c5998abb40e9337058a89bf0e') in 0.033684 seconds 
  Import took 0.036755 seconds .

========================================================================
Received Import Request.
  Time since last request: 7.338563 seconds.
  path: Assets/Sprites/2-24642_imagenes-random-png-cosas-random-png-transparent-png.asset
  artifactKey: Guid(e05397659222ed5458de9470c851d33b) Importer(815301076,1909f56bfc062723c751e8b465ee728b)
Start importing Assets/Sprites/2-24642_imagenes-random-png-cosas-random-png-transparent-png.asset using Guid(e05397659222ed5458de9470c851d33b) Importer(815301076,1909f56bfc062723c751e8b465ee728b)  -> (artifact id: '19c1df4791dd44f22587c40188bf4dfc') in 0.017877 seconds 
  Import took 0.021418 seconds .

========================================================================
Received Import Request.
  Time since last request: 101.201752 seconds.
  path: Assets/Palettes/CheckersPalette.prefab
  artifactKey: Guid(11594b0b3043a9746a474c34659b2eef) Importer(815301076,1909f56bfc062723c751e8b465ee728b)
Start importing Assets/Palettes/CheckersPalette.prefab using Guid(11594b0b3043a9746a474c34659b2eef) Importer(815301076,1909f56bfc062723c751e8b465ee728b)  -> (artifact id: '42a89d76fccf3a4c7e65d565e8e27de4') in 0.009997 seconds 
  Import took 0.013294 seconds .

========================================================================
Received Import Request.
  Time since last request: 31.265169 seconds.
  path: Assets/Tiles/FillerTile.asset
  artifactKey: Guid(98d9eaf4f72f55246b458a035f4ec605) Importer(815301076,1909f56bfc062723c751e8b465ee728b)
Start importing Assets/Tiles/FillerTile.asset using Guid(98d9eaf4f72f55246b458a035f4ec605) Importer(815301076,1909f56bfc062723c751e8b465ee728b)  -> (artifact id: '4c60326018cf91cba0c8fc0099f0c29a') in 0.008295 seconds 
  Import took 0.012077 seconds .

========================================================================
Received Import Request.
  Time since last request: 104.771661 seconds.
  path: Assets/Sprites/brown.png
  artifactKey: Guid(da54e51af84fa984cbfefd550894c986) Importer(815301076,1909f56bfc062723c751e8b465ee728b)
Start importing Assets/Sprites/brown.png using Guid(da54e51af84fa984cbfefd550894c986) Importer(815301076,1909f56bfc062723c751e8b465ee728b)  -> (artifact id: '1ee5a0aa2d466ae706259e742fd99a09') in 0.022176 seconds 
  Import took 0.025565 seconds .

========================================================================
Received Import Request.
  Time since last request: 133.483183 seconds.
  path: Assets/Sprites/brown.png
  artifactKey: Guid(da54e51af84fa984cbfefd550894c986) Importer(815301076,1909f56bfc062723c751e8b465ee728b)
Start importing Assets/Sprites/brown.png using Guid(da54e51af84fa984cbfefd550894c986) Importer(815301076,1909f56bfc062723c751e8b465ee728b)  -> (artifact id: '78c1b9b9bce3dc4b056e0c0be4158f51') in 0.012958 seconds 
  Import took 0.016600 seconds .

========================================================================
Received Prepare
Registering precompiled user dll's ...
Registered in 0.004777 seconds.
Begin MonoManager ReloadAssembly
Native extension for WindowsStandalone target not found
Native extension for WebGL target not found
Refreshing native plugins compatible for Editor in 0.79 ms, found 3 plugins.
Preloading 0 native plugins for Editor in 0.00 ms.
Mono: successfully reloaded assembly
- Completed reload, in  1.060 seconds
Domain Reload Profiling:
	ReloadAssembly (1061ms)
		BeginReloadAssembly (124ms)
			ExecutionOrderSort (0ms)
			DisableScriptedObjects (6ms)
			BackupInstance (0ms)
			ReleaseScriptingObjects (0ms)
			CreateAndSetChildDomain (38ms)
		EndReloadAssembly (874ms)
			LoadAssemblies (89ms)
			RebuildTransferFunctionScriptingTraits (0ms)
			SetupTypeCache (301ms)
			ReleaseScriptCaches (2ms)
			RebuildScriptCaches (61ms)
			SetupLoadedEditorAssemblies (305ms)
				LogAssemblyErrors (0ms)
				InitializePlatformSupportModulesInManaged (6ms)
				SetLoadedEditorAssemblies (1ms)
				RefreshPlugins (1ms)
				BeforeProcessingInitializeOnLoad (101ms)
				ProcessInitializeOnLoadAttributes (180ms)
				ProcessInitializeOnLoadMethodAttributes (9ms)
				AfterProcessingInitializeOnLoad (6ms)
				EditorAssembliesLoaded (0ms)
			ExecutionOrderSort2 (0ms)
			AwakeInstancesAfterBackupRestoration (9ms)
Platform modules already initialized, skipping
Refreshing native plugins compatible for Editor in 0.71 ms, found 3 plugins.
Preloading 0 native plugins for Editor in 0.00 ms.
Unloading 2183 Unused Serialized files (Serialized files now loaded: 0)
System memory in use before: 98.3 MB.
System memory in use after: 98.4 MB.

Unloading 17 unused Assets to reduce memory usage. Loaded Objects now: 2654.
Total: 3.290400 ms (FindLiveObjects: 0.235000 ms CreateObjectMapping: 0.053400 ms MarkObjects: 2.981100 ms  DeleteObjects: 0.018600 ms)

AssetImportParameters requested are different than current active one (requested -> active):
  custom:framework-win-MediaFoundation: 216162199b28c13a410421893ffa2e32 -> 
  custom:video-decoder-ogg-theora: a1e56fd34408186e4bbccfd4996cb3dc -> 
  custom:container-muxer-webm: aa71ff27fc2769a1b78a27578f13a17b -> 
  custom:container-demuxer-webm: 4f35f7cbe854078d1ac9338744f61a02 -> 
  custom:container-demuxer-ogg: 62fdf1f143b41e24485cea50d1cbac27 -> 
  custom:video-encoder-webm-vp8: eb34c28f22e8b96e1ab97ce403110664 -> 
  custom:video-codec-MediaFoundation-h265: 746d11721c4dcdbdad8f713fa42b33f4 -> 
  custom:video-decoder-webm-vp8: 9c59270c3fd7afecdb556c50c9e8de78 -> 
  custom:audio-decoder-ogg-vorbis: bf7c407c2cedff20999df2af8eb42d56 -> 
  custom:audio-encoder-webm-vorbis: bf7c407c2cedff20999df2af8eb42d56 -> 
========================================================================
Received Import Request.
  Time since last request: 17455.906581 seconds.
  path: Assets/Sprites/New Sprite Atlas.spriteatlas
  artifactKey: Guid(fb73cd8bc4368b342abee124b345d24a) Importer(815301076,1909f56bfc062723c751e8b465ee728b)
Start importing Assets/Sprites/New Sprite Atlas.spriteatlas using Guid(fb73cd8bc4368b342abee124b345d24a) Importer(815301076,1909f56bfc062723c751e8b465ee728b)  -> (artifact id: '73702956fdb0c457824cbca2180935a8') in 0.118750 seconds 
  Import took 0.177065 seconds .

========================================================================
Received Import Request.
  Time since last request: 250.889904 seconds.
  path: Assets/Sprites/brown_square.png
  artifactKey: Guid(775ed7f532a4a8c4692074f76f7e8a33) Importer(815301076,1909f56bfc062723c751e8b465ee728b)
Start importing Assets/Sprites/brown_square.png using Guid(775ed7f532a4a8c4692074f76f7e8a33) Importer(815301076,1909f56bfc062723c751e8b465ee728b)  -> (artifact id: 'b8eb06b7d2084e19b76195c501335bea') in 0.079264 seconds 
  Import took 0.082515 seconds .

========================================================================
Received Import Request.
  Time since last request: 32.887366 seconds.
  path: Assets/Sprites/brown_square.png
  artifactKey: Guid(775ed7f532a4a8c4692074f76f7e8a33) Importer(815301076,1909f56bfc062723c751e8b465ee728b)
Start importing Assets/Sprites/brown_square.png using Guid(775ed7f532a4a8c4692074f76f7e8a33) Importer(815301076,1909f56bfc062723c751e8b465ee728b)  -> (artifact id: '12df7d4999927495a1dead1e6600b266') in 0.014751 seconds 
  Import took 0.018335 seconds .

========================================================================
Received Import Request.
  Time since last request: 413.533798 seconds.
  path: Assets/Sprites/black_circle.png
  artifactKey: Guid(df0a5ed03a1e61444a02863fe576e3db) Importer(815301076,1909f56bfc062723c751e8b465ee728b)
Start importing Assets/Sprites/black_circle.png using Guid(df0a5ed03a1e61444a02863fe576e3db) Importer(815301076,1909f56bfc062723c751e8b465ee728b)  -> (artifact id: '0c9ceb43b2d1cf28a40375646fada7d1') in 0.023865 seconds 
  Import took 0.028007 seconds .

========================================================================
Received Import Request.
  Time since last request: 97.188466 seconds.
  path: Assets/Sprites/black_circle 1.png
  artifactKey: Guid(1639af90a3d78ef49936de1ddc9e2bd3) Importer(815301076,1909f56bfc062723c751e8b465ee728b)
Start importing Assets/Sprites/black_circle 1.png using Guid(1639af90a3d78ef49936de1ddc9e2bd3) Importer(815301076,1909f56bfc062723c751e8b465ee728b)  -> (artifact id: '2b8c6dc90b56010607a5627e0a8011df') in 0.019713 seconds 
  Import took 0.023197 seconds .

========================================================================
Received Import Request.
  Time since last request: 6.906562 seconds.
  path: Assets/Sprites/Materials
  artifactKey: Guid(2a675f86cb2d77b42aa08f08979ac03b) Importer(815301076,1909f56bfc062723c751e8b465ee728b)
Start importing Assets/Sprites/Materials using Guid(2a675f86cb2d77b42aa08f08979ac03b) Importer(815301076,1909f56bfc062723c751e8b465ee728b)  -> (artifact id: 'a7910202b2b110e6a915d32b36eeb3c8') in 0.014992 seconds 
  Import took 0.020180 seconds .

========================================================================
Received Import Request.
  Time since last request: 76.967575 seconds.
  path: Assets/Sprites/black_circle.png
  artifactKey: Guid(df0a5ed03a1e61444a02863fe576e3db) Importer(815301076,1909f56bfc062723c751e8b465ee728b)
Start importing Assets/Sprites/black_circle.png using Guid(df0a5ed03a1e61444a02863fe576e3db) Importer(815301076,1909f56bfc062723c751e8b465ee728b)  -> (artifact id: '0a31366755fe62c1cc01be7da0ce9a0d') in 0.018374 seconds 
  Import took 0.022416 seconds .

========================================================================
Received Import Request.
  Time since last request: 135805.636951 seconds.
  path: Assets/Sprites/white_circle.png
  artifactKey: Guid(e9f94f4a52aece941bd623bbe00a8d81) Importer(815301076,1909f56bfc062723c751e8b465ee728b)
Start importing Assets/Sprites/white_circle.png using Guid(e9f94f4a52aece941bd623bbe00a8d81) Importer(815301076,1909f56bfc062723c751e8b465ee728b)  -> (artifact id: 'b33deb70fca90337976a9db9127c9579') in 0.120358 seconds 
  Import took 0.184813 seconds .

========================================================================
Received Prepare
Registering precompiled user dll's ...
Registered in 0.298513 seconds.
Begin MonoManager ReloadAssembly
Native extension for WindowsStandalone target not found
Native extension for WebGL target not found
Refreshing native plugins compatible for Editor in 0.58 ms, found 3 plugins.
Preloading 0 native plugins for Editor in 0.00 ms.
Mono: successfully reloaded assembly
- Completed reload, in  1.520 seconds
Domain Reload Profiling:
	ReloadAssembly (1527ms)
		BeginReloadAssembly (357ms)
			ExecutionOrderSort (0ms)
			DisableScriptedObjects (35ms)
			BackupInstance (0ms)
			ReleaseScriptingObjects (0ms)
			CreateAndSetChildDomain (214ms)
		EndReloadAssembly (1091ms)
			LoadAssemblies (142ms)
			RebuildTransferFunctionScriptingTraits (0ms)
			SetupTypeCache (374ms)
			ReleaseScriptCaches (1ms)
			RebuildScriptCaches (52ms)
			SetupLoadedEditorAssemblies (405ms)
				LogAssemblyErrors (0ms)
				InitializePlatformSupportModulesInManaged (5ms)
				SetLoadedEditorAssemblies (2ms)
				RefreshPlugins (1ms)
				BeforeProcessingInitializeOnLoad (114ms)
				ProcessInitializeOnLoadAttributes (253ms)
				ProcessInitializeOnLoadMethodAttributes (21ms)
				AfterProcessingInitializeOnLoad (8ms)
				EditorAssembliesLoaded (0ms)
			ExecutionOrderSort2 (0ms)
			AwakeInstancesAfterBackupRestoration (9ms)
Platform modules already initialized, skipping
Refreshing native plugins compatible for Editor in 0.63 ms, found 3 plugins.
Preloading 0 native plugins for Editor in 0.00 ms.
Unloading 2183 Unused Serialized files (Serialized files now loaded: 0)
System memory in use before: 98.3 MB.
System memory in use after: 98.4 MB.

Unloading 17 unused Assets to reduce memory usage. Loaded Objects now: 2657.
Total: 3.122800 ms (FindLiveObjects: 0.213100 ms CreateObjectMapping: 0.061900 ms MarkObjects: 2.823700 ms  DeleteObjects: 0.022800 ms)

AssetImportParameters requested are different than current active one (requested -> active):
  custom:framework-win-MediaFoundation: 216162199b28c13a410421893ffa2e32 -> 
  custom:video-decoder-ogg-theora: a1e56fd34408186e4bbccfd4996cb3dc -> 
  custom:container-muxer-webm: aa71ff27fc2769a1b78a27578f13a17b -> 
  custom:container-demuxer-webm: 4f35f7cbe854078d1ac9338744f61a02 -> 
  custom:container-demuxer-ogg: 62fdf1f143b41e24485cea50d1cbac27 -> 
  custom:video-encoder-webm-vp8: eb34c28f22e8b96e1ab97ce403110664 -> 
  custom:video-codec-MediaFoundation-h265: 746d11721c4dcdbdad8f713fa42b33f4 -> 
  custom:video-decoder-webm-vp8: 9c59270c3fd7afecdb556c50c9e8de78 -> 
  custom:audio-decoder-ogg-vorbis: bf7c407c2cedff20999df2af8eb42d56 -> 
  custom:audio-encoder-webm-vorbis: bf7c407c2cedff20999df2af8eb42d56 -> 
AssetImportWorkerClient::OnTransportError - code=2 error=End of file
